INFO  2026-05-23 18:39:36,749 serena.cli:health_check:939 - Starting health check for project: /home/ash/tools/skills
INFO  2026-05-23 18:39:36,749 serena.cli:health_check:943 - Creating SerenaAgent with disabled dashboard...
INFO  2026-05-23 18:39:36,753 serena.util.file_system:stop:336 - Loading of .gitignore files completed in 0.006 seconds
INFO  2026-05-23 18:39:36,753 serena.project:stop:336 - Gathering ignore spec for project skills completed in 0.006 seconds
INFO  2026-05-23 18:39:36,755 serena.agent:__init__:610 - Will record tool usage statistics with token count estimator: CHAR_COUNT.
INFO  2026-05-23 18:39:36,756 serena.agent:__init__:614 - Starting Serena server (version=1.5.1, process id=2, parent process id=1; language backend=LSP); Python version=3.13.5, platform=Linux-6.6.114.1-microsoft-standard-WSL2-x86_64-with-glibc2.35
INFO  2026-05-23 18:39:36,756 serena.agent:__init__:618 - Configuration file: /home/ash/.serena/serena_config.yml
INFO  2026-05-23 18:39:36,757 serena.agent:__init__:619 - Available projects: gcubed-build-switcher, skills
INFO  2026-05-23 18:39:36,757 serena.agent:__init__:620 - Loaded tools (51): create_text_file, replace_content, delete_lines, replace_lines, insert_at_line, replace_symbol_body, insert_after_symbol, insert_before_symbol, read_file, list_dir, find_file, search_for_pattern, restart_language_server, get_symbols_overview, find_symbol, find_referencing_symbols, find_implementations, find_declaration, get_diagnostics_for_file, get_diagnostics_for_symbol, rename_symbol, safe_delete_symbol, write_memory, read_memory, list_memories, delete_memory, rename_memory, edit_memory, execute_shell_command, open_dashboard, activate_project, remove_project, get_current_config, onboarding, initial_instructions, serena_info, jet_brains_find_symbol, jet_brains_move, jet_brains_safe_delete, jet_brains_inline_symbol, jet_brains_find_referencing_symbols, jet_brains_get_symbols_overview, jet_brains_type_hierarchy, jet_brains_find_declaration, jet_brains_find_implementations, jet_brains_rename, jet_brains_debug, jet_brains_run_inspections, jet_brains_list_inspections, list_queryable_projects, query_project
INFO  2026-05-23 18:39:36,757 serena.agent:__init__:632 - Using language backend from global configuration: LSP
INFO  2026-05-23 18:39:36,770 serena.config.serena_config:start:329 - Loading project instance for RegisteredProject[project_root=/home/ash/tools/skills, project_config=ProjectConfig[project_name=skills]] starting ...
INFO  2026-05-23 18:39:36,770 serena.project:__init__:43 - Serena project data folder: /home/ash/tools/skills/.serena
INFO  2026-05-23 18:39:36,770 serena.project:start:329 - Gathering ignore spec for project skills starting ...
INFO  2026-05-23 18:39:36,770 serena.config.serena_config:stop:336 - Loading project instance for RegisteredProject[project_root=/home/ash/tools/skills, project_config=ProjectConfig[project_name=skills]] completed in 0.000 seconds
INFO  2026-05-23 18:39:36,770 serena.util.file_system:start:329 - Loading of .gitignore files starting ...
INFO  2026-05-23 18:39:36,771 serena.agent:activate_project_from_path_or_name:1152 - Found registered project 'skills' at path /home/ash/tools/skills
INFO  2026-05-23 18:39:36,771 serena.util.file_system:_load_gitignore_files:152 - Processing .gitignore file: /home/ash/tools/skills/.gitignore
INFO  2026-05-23 18:39:36,771 serena.agent:_activate_project:1089 - Activating skills at /home/ash/tools/skills
INFO  2026-05-23 18:39:36,771 serena.task_executor:issue_task:192 - Scheduling Task-1:init_language_server_manager
INFO  2026-05-23 18:39:36,771 serena.agent:_update_active_modes:1018 - Active modes (2): editing, interactive
INFO  2026-05-23 18:39:36,772 serena.util.file_system:_load_gitignore_files:152 - Processing .gitignore file: /home/ash/tools/skills/.serena/.gitignore
INFO  2026-05-23 18:39:36,774 serena.agent:_create_base_toolset:777 - Number of exposed tools: 28
INFO  2026-05-23 18:39:36,775 serena.agent:__init__:656 - Number of exposed tools: 28. Exposed tools: ['activate_project', 'create_text_file', 'delete_memory', 'edit_memory', 'execute_shell_command', 'find_declaration', 'find_file', 'find_implementations', 'find_referencing_symbols', 'find_symbol', 'get_current_config', 'get_diagnostics_for_file', 'get_symbols_overview', 'initial_instructions', 'insert_after_symbol', 'insert_before_symbol', 'list_dir', 'list_memories', 'onboarding', 'read_file', 'read_memory', 'rename_memory', 'rename_symbol', 'replace_content', 'replace_symbol_body', 'safe_delete_symbol', 'search_for_pattern', 'write_memory']
INFO  2026-05-23 18:39:36,776 serena.agent:_update_active_tools:1036 - Active tools (28): activate_project, create_text_file, delete_memory, edit_memory, execute_shell_command, find_declaration, find_file, find_implementations, find_referencing_symbols, find_symbol, get_current_config, get_diagnostics_for_file, get_symbols_overview, initial_instructions, insert_after_symbol, insert_before_symbol, list_dir, list_memories, onboarding, read_file, read_memory, rename_memory, rename_symbol, replace_content, replace_symbol_body, safe_delete_symbol, search_for_pattern, write_memory
INFO  2026-05-23 18:39:36,779 serena.cli:health_check:946 - SerenaAgent created successfully
INFO  2026-05-23 18:39:36,779 serena.cli:health_check:949 - Searching for analyzable files...
INFO  2026-05-23 18:39:36,787 serena.util.file_system:stop:336 - Loading of .gitignore files completed in 0.016 seconds
INFO  2026-05-23 18:39:36,787 serena.project:stop:336 - Gathering ignore spec for project skills completed in 0.017 seconds
INFO  2026-05-23 18:39:36,788 serena.cli:health_check:958 - Found analyzable file: AGENTS.md
INFO  2026-05-23 18:39:36,789 serena.cli:health_check:976 - Testing GetSymbolsOverviewTool on file: AGENTS.md
INFO  2026-05-23 18:39:36,789 serena.task_executor:issue_task:192 - Scheduling Task-2:<lambda>
INFO  2026-05-23 18:39:36,857 serena.task_executor:_process_task_queue:123 - Starting execution of Task-1:init_language_server_manager
INFO  2026-05-23 18:39:36,858 serena.task_executor:start:329 - Task-1:init_language_server_manager starting ...
INFO  2026-05-23 18:39:36,858 serena.agent:start:329 - Language server initialization starting ...
INFO  2026-05-23 18:39:36,858 serena.project:create_language_server_manager:418 - Creating language server manager for /home/ash/tools/skills
INFO  2026-05-23 18:39:36,859 sensai.util.logging:start:329 - Language server startup (language=markdown) starting ...
INFO  2026-05-23 18:39:36,860 serena.ls_manager:create_language_server:50 - Creating language server instance for /home/ash/tools/skills, language=markdown.
ERROR 2026-05-23 18:39:36,940 sensai.util.logging:__exit__:342 - Language server startup (language=markdown) failed after 0.080 seconds
ERROR 2026-05-23 18:39:36,940 serena.ls_manager:_start_language_server:116 - Error starting language server for language markdown: [Errno 30] Read-only file system: '/home/ash/.serena/language_servers/static/Marksman/marksman'
Traceback (most recent call last):
  File "/home/ash/.local/share/uv/tools/serena-agent/lib/python3.13/site-packages/serena/ls_manager.py", line 111, in _start_language_server
    self.language_server = factory.create_language_server(self.language)
                           ~~~~~~~~~~~~~~~~~~~~~~~~~~~~~~^^^^^^^^^^^^^^^
  File "/home/ash/.local/share/uv/tools/serena-agent/lib/python3.13/site-packages/serena/ls_manager.py", line 51, in create_language_server
    return SolidLanguageServer.create(
           ~~~~~~~~~~~~~~~~~~~~~~~~~~^
        ls_config,
        ^^^^^^^^^^
    ...<7 lines>...
        ),
        ^^
    )
    ^
  File "/home/ash/.local/share/uv/tools/serena-agent/lib/python3.13/site-packages/solidlsp/ls.py", line 468, in create
    ls = ls_class(config, repository_root_path, solidlsp_settings)  # type: ignore
  File "/home/ash/.local/share/uv/tools/serena-agent/lib/python3.13/site-packages/solidlsp/language_servers/marksman.py", line 154, in __init__
    super().__init__(
    ~~~~~~~~~~~~~~~~^
        config,
        ^^^^^^^
    ...<3 lines>...
        solidlsp_settings,
        ^^^^^^^^^^^^^^^^^^
    )
    ^
  File "/home/ash/.local/share/uv/tools/serena-agent/lib/python3.13/site-packages/solidlsp/ls.py", line 557, in __init__
    process_launch_info = self._create_process_launch_info()
  File "/home/ash/.local/share/uv/tools/serena-agent/lib/python3.13/site-packages/solidlsp/ls.py", line 615, in _create_process_launch_info
    cmd = self._dependency_provider.create_launch_command()
  File "/home/ash/.local/share/uv/tools/serena-agent/lib/python3.13/site-packages/solidlsp/ls.py", line 325, in create_launch_command
    core_path = self._get_or_install_core_dependency()
  File "/home/ash/.local/share/uv/tools/serena-agent/lib/python3.13/site-packages/solidlsp/language_servers/marksman.py", line 143, in _get_or_install_core_dependency
    os.chmod(marksman_executable_path, 0o755)
    ~~~~~~~~^^^^^^^^^^^^^^^^^^^^^^^^^^^^^^^^^
OSError: [Errno 30] Read-only file system: '/home/ash/.serena/language_servers/static/Marksman/marksman'
ERROR 2026-05-23 18:39:36,944 serena.agent:__exit__:342 - Language server initialization failed after 0.086 seconds
ERROR 2026-05-23 18:39:36,944 serena.task_executor:__exit__:342 - Task-1:init_language_server_manager failed after 0.086 seconds
ERROR 2026-05-23 18:39:36,944 serena.task_executor:run_task:62 - Error during execution of Task-1:init_language_server_manager: Failed to start 1 language server(s):
markdown: [Errno 30] Read-only file system: '/home/ash/.serena/language_servers/static/Marksman/marksman'
Traceback (most recent call last):
  File "/home/ash/.local/share/uv/tools/serena-agent/lib/python3.13/site-packages/serena/task_executor.py", line 57, in run_task
    result = self._function()
  File "/home/ash/.local/share/uv/tools/serena-agent/lib/python3.13/site-packages/serena/agent.py", line 1124, in init_language_server_manager
    self.reset_language_server_manager()
    ~~~~~~~~~~~~~~~~~~~~~~~~~~~~~~~~~~^^
  File "/home/ash/.local/share/uv/tools/serena-agent/lib/python3.13/site-packages/serena/agent.py", line 1237, in reset_language_server_manager
    self.get_active_project_or_raise().create_language_server_manager()
    ~~~~~~~~~~~~~~~~~~~~~~~~~~~~~~~~~~~~~~~~~~~~~~~~~~~~~~~~~~~~~~~~~^^
  File "/home/ash/.local/share/uv/tools/serena-agent/lib/python3.13/site-packages/serena/project.py", line 431, in create_language_server_manager
    self.language_server_manager = LanguageServerManager.from_languages(self.project_config.languages, factory)
                                   ~~~~~~~~~~~~~~~~~~~~~~~~~~~~~~~~~~~~^^^^^^^^^^^^^^^^^^^^^^^^^^^^^^^^^^^^^^^^
  File "/home/ash/.local/share/uv/tools/serena-agent/lib/python3.13/site-packages/serena/ls_manager.py", line 145, in from_languages
    raise LanguageServerManagerInitialisationError(f"Failed to start {len(exceptions)} language server(s):\n{failure_messages}")
serena.ls_manager.LanguageServerManagerInitialisationError: Failed to start 1 language server(s):
markdown: [Errno 30] Read-only file system: '/home/ash/.serena/language_servers/static/Marksman/marksman'
INFO  2026-05-23 18:39:36,946 serena.task_executor:_process_task_queue:123 - Starting execution of Task-2:<lambda>
INFO  2026-05-23 18:39:36,946 serena.task_executor:start:329 - Task-2:<lambda> starting ...
ERROR 2026-05-23 18:39:36,947 serena.task_executor:__exit__:342 - Task-2:<lambda> failed after 0.000 seconds
ERROR 2026-05-23 18:39:36,947 serena.task_executor:run_task:62 - Error during execution of Task-2:<lambda>: The language server manager is not initialized, indicating a problem during project initialisation.
Failed to start 1 language server(s):
markdown: [Errno 30] Read-only file system: '/home/ash/.serena/language_servers/static/Marksman/marksman'
For details, please check the logs. Unfortunately, logs are not available. We recommend enabling the web dashboard/logging in general.
IMPORTANT: Stop, do not attempt workarounds. Inform the user and wait for further instructions before you continue!
Traceback (most recent call last):
  File "/home/ash/.local/share/uv/tools/serena-agent/lib/python3.13/site-packages/serena/task_executor.py", line 57, in run_task
    result = self._function()
  File "/home/ash/.local/share/uv/tools/serena-agent/lib/python3.13/site-packages/serena/cli.py", line 977, in <lambda>
    overview_data = agent.execute_task(lambda: overview_tool.get_symbol_overview(target_file))
                                               ~~~~~~~~~~~~~~~~~~~~~~~~~~~~~~~~~^^^^^^^^^^^^^
  File "/home/ash/.local/share/uv/tools/serena-agent/lib/python3.13/site-packages/serena/tools/symbol_tools.py", line 91, in get_symbol_overview
    symbol_retriever = self.create_language_server_symbol_retriever()
  File "/home/ash/.local/share/uv/tools/serena-agent/lib/python3.13/site-packages/serena/tools/tools_base.py", line 57, in create_language_server_symbol_retriever
    return LanguageServerSymbolRetriever(self.project)
  File "/home/ash/.local/share/uv/tools/serena-agent/lib/python3.13/site-packages/serena/symbol.py", line 583, in __init__
    self._ls_manager: LanguageServerManager = project.get_language_server_manager_or_raise()
                                              ~~~~~~~~~~~~~~~~~~~~~~~~~~~~~~~~~~~~~~~~~~~~^^
  File "/home/ash/.local/share/uv/tools/serena-agent/lib/python3.13/site-packages/serena/project.py", line 447, in get_language_server_manager_or_raise
    raise Exception(msg.build())
Exception: The language server manager is not initialized, indicating a problem during project initialisation.
Failed to start 1 language server(s):
markdown: [Errno 30] Read-only file system: '/home/ash/.serena/language_servers/static/Marksman/marksman'
For details, please check the logs. Unfortunately, logs are not available. We recommend enabling the web dashboard/logging in general.
IMPORTANT: Stop, do not attempt workarounds. Inform the user and wait for further instructions before you continue!
ERROR 2026-05-23 18:39:36,950 serena.cli:health_check:1051 - Health check failed with exception: The language server manager is not initialized, indicating a problem during project initialisation.
Failed to start 1 language server(s):
markdown: [Errno 30] Read-only file system: '/home/ash/.serena/language_servers/static/Marksman/marksman'
For details, please check the logs. Unfortunately, logs are not available. We recommend enabling the web dashboard/logging in general.
IMPORTANT: Stop, do not attempt workarounds. Inform the user and wait for further instructions before you continue!
Traceback (most recent call last):
  File "/home/ash/.local/share/uv/tools/serena-agent/lib/python3.13/site-packages/serena/cli.py", line 977, in health_check
    overview_data = agent.execute_task(lambda: overview_tool.get_symbol_overview(target_file))
  File "/home/ash/.local/share/uv/tools/serena-agent/lib/python3.13/site-packages/serena/agent.py", line 1073, in execute_task
    return self._task_executor.execute_task(task, name=name, logged=logged, timeout=timeout)
           ~~~~~~~~~~~~~~~~~~~~~~~~~~~~~~~~^^^^^^^^^^^^^^^^^^^^^^^^^^^^^^^^^^^^^^^^^^^^^^^^^
  File "/home/ash/.local/share/uv/tools/serena-agent/lib/python3.13/site-packages/serena/task_executor.py", line 209, in execute_task
    return task_obj.result()
           ~~~~~~~~~~~~~~~^^
  File "/home/ash/.local/share/uv/tools/serena-agent/lib/python3.13/site-packages/serena/task_executor.py", line 85, in result
    return self.future.result(timeout=timeout)
           ~~~~~~~~~~~~~~~~~~^^^^^^^^^^^^^^^^^
  File "/home/ash/.local/share/uv/python/cpython-3.13.5-linux-x86_64-gnu/lib/python3.13/concurrent/futures/_base.py", line 456, in result
    return self.__get_result()
           ~~~~~~~~~~~~~~~~~^^
  File "/home/ash/.local/share/uv/python/cpython-3.13.5-linux-x86_64-gnu/lib/python3.13/concurrent/futures/_base.py", line 401, in __get_result
    raise self._exception
  File "/home/ash/.local/share/uv/tools/serena-agent/lib/python3.13/site-packages/serena/task_executor.py", line 57, in run_task
    result = self._function()
  File "/home/ash/.local/share/uv/tools/serena-agent/lib/python3.13/site-packages/serena/cli.py", line 977, in <lambda>
    overview_data = agent.execute_task(lambda: overview_tool.get_symbol_overview(target_file))
                                               ~~~~~~~~~~~~~~~~~~~~~~~~~~~~~~~~~^^^^^^^^^^^^^
  File "/home/ash/.local/share/uv/tools/serena-agent/lib/python3.13/site-packages/serena/tools/symbol_tools.py", line 91, in get_symbol_overview
    symbol_retriever = self.create_language_server_symbol_retriever()
  File "/home/ash/.local/share/uv/tools/serena-agent/lib/python3.13/site-packages/serena/tools/tools_base.py", line 57, in create_language_server_symbol_retriever
    return LanguageServerSymbolRetriever(self.project)
  File "/home/ash/.local/share/uv/tools/serena-agent/lib/python3.13/site-packages/serena/symbol.py", line 583, in __init__
    self._ls_manager: LanguageServerManager = project.get_language_server_manager_or_raise()
                                              ~~~~~~~~~~~~~~~~~~~~~~~~~~~~~~~~~~~~~~~~~~~~^^
  File "/home/ash/.local/share/uv/tools/serena-agent/lib/python3.13/site-packages/serena/project.py", line 447, in get_language_server_manager_or_raise
    raise Exception(msg.build())
Exception: The language server manager is not initialized, indicating a problem during project initialisation.
Failed to start 1 language server(s):
markdown: [Errno 30] Read-only file system: '/home/ash/.serena/language_servers/static/Marksman/marksman'
For details, please check the logs. Unfortunately, logs are not available. We recommend enabling the web dashboard/logging in general.
IMPORTANT: Stop, do not attempt workarounds. Inform the user and wait for further instructions before you continue!
