INFO  2026-05-23 18:39:56,441 serena.util.file_system:start:329 - Loading of .gitignore files starting ...
INFO  2026-05-23 18:39:56,441 serena.cli:health_check:939 - Starting health check for project: /home/ash/tools/skills
INFO  2026-05-23 18:39:56,441 serena.util.file_system:_load_gitignore_files:152 - Processing .gitignore file: /home/ash/tools/skills/.gitignore
INFO  2026-05-23 18:39:56,441 serena.cli:health_check:943 - Creating SerenaAgent with disabled dashboard...
INFO  2026-05-23 18:39:56,442 serena.util.file_system:_load_gitignore_files:152 - Processing .gitignore file: /home/ash/tools/skills/.serena/.gitignore
INFO  2026-05-23 18:39:56,447 serena.util.file_system:stop:336 - Loading of .gitignore files completed in 0.006 seconds
INFO  2026-05-23 18:39:56,447 serena.project:stop:336 - Gathering ignore spec for project skills completed in 0.007 seconds
INFO  2026-05-23 18:39:56,449 serena.agent:__init__:610 - Will record tool usage statistics with token count estimator: CHAR_COUNT.
INFO  2026-05-23 18:39:56,450 serena.agent:__init__:614 - Starting Serena server (version=1.5.1, process id=19024, parent process id=15609; language backend=LSP); Python version=3.13.5, platform=Linux-6.6.114.1-microsoft-standard-WSL2-x86_64-with-glibc2.35
INFO  2026-05-23 18:39:56,450 serena.agent:__init__:618 - Configuration file: /home/ash/.serena/serena_config.yml
INFO  2026-05-23 18:39:56,450 serena.agent:__init__:619 - Available projects: gcubed-build-switcher, skills
INFO  2026-05-23 18:39:56,450 serena.agent:__init__:620 - Loaded tools (51): create_text_file, replace_content, delete_lines, replace_lines, insert_at_line, replace_symbol_body, insert_after_symbol, insert_before_symbol, read_file, list_dir, find_file, search_for_pattern, restart_language_server, get_symbols_overview, find_symbol, find_referencing_symbols, find_implementations, find_declaration, get_diagnostics_for_file, get_diagnostics_for_symbol, rename_symbol, safe_delete_symbol, write_memory, read_memory, list_memories, delete_memory, rename_memory, edit_memory, execute_shell_command, open_dashboard, activate_project, remove_project, get_current_config, onboarding, initial_instructions, serena_info, jet_brains_find_symbol, jet_brains_move, jet_brains_safe_delete, jet_brains_inline_symbol, jet_brains_find_referencing_symbols, jet_brains_get_symbols_overview, jet_brains_type_hierarchy, jet_brains_find_declaration, jet_brains_find_implementations, jet_brains_rename, jet_brains_debug, jet_brains_run_inspections, jet_brains_list_inspections, list_queryable_projects, query_project
INFO  2026-05-23 18:39:56,451 serena.agent:__init__:632 - Using language backend from global configuration: LSP
INFO  2026-05-23 18:39:56,467 serena.config.serena_config:start:329 - Loading project instance for RegisteredProject[project_root=/home/ash/tools/skills, project_config=ProjectConfig[project_name=skills]] starting ...
INFO  2026-05-23 18:39:56,468 serena.project:__init__:43 - Serena project data folder: /home/ash/tools/skills/.serena
INFO  2026-05-23 18:39:56,468 serena.project:start:329 - Gathering ignore spec for project skills starting ...
INFO  2026-05-23 18:39:56,468 serena.config.serena_config:stop:336 - Loading project instance for RegisteredProject[project_root=/home/ash/tools/skills, project_config=ProjectConfig[project_name=skills]] completed in 0.001 seconds
INFO  2026-05-23 18:39:56,468 serena.util.file_system:start:329 - Loading of .gitignore files starting ...
INFO  2026-05-23 18:39:56,469 serena.agent:activate_project_from_path_or_name:1152 - Found registered project 'skills' at path /home/ash/tools/skills
INFO  2026-05-23 18:39:56,469 serena.agent:_activate_project:1089 - Activating skills at /home/ash/tools/skills
INFO  2026-05-23 18:39:56,469 serena.util.file_system:_load_gitignore_files:152 - Processing .gitignore file: /home/ash/tools/skills/.gitignore
INFO  2026-05-23 18:39:56,469 serena.task_executor:issue_task:192 - Scheduling Task-1:init_language_server_manager
INFO  2026-05-23 18:39:56,470 serena.agent:_update_active_modes:1018 - Active modes (2): editing, interactive
INFO  2026-05-23 18:39:56,471 serena.util.file_system:_load_gitignore_files:152 - Processing .gitignore file: /home/ash/tools/skills/.serena/.gitignore
INFO  2026-05-23 18:39:56,472 serena.agent:_create_base_toolset:777 - Number of exposed tools: 28
INFO  2026-05-23 18:39:56,474 serena.agent:__init__:656 - Number of exposed tools: 28. Exposed tools: ['activate_project', 'create_text_file', 'delete_memory', 'edit_memory', 'execute_shell_command', 'find_declaration', 'find_file', 'find_implementations', 'find_referencing_symbols', 'find_symbol', 'get_current_config', 'get_diagnostics_for_file', 'get_symbols_overview', 'initial_instructions', 'insert_after_symbol', 'insert_before_symbol', 'list_dir', 'list_memories', 'onboarding', 'read_file', 'read_memory', 'rename_memory', 'rename_symbol', 'replace_content', 'replace_symbol_body', 'safe_delete_symbol', 'search_for_pattern', 'write_memory']
INFO  2026-05-23 18:39:56,475 serena.agent:_update_active_tools:1036 - Active tools (28): activate_project, create_text_file, delete_memory, edit_memory, execute_shell_command, find_declaration, find_file, find_implementations, find_referencing_symbols, find_symbol, get_current_config, get_diagnostics_for_file, get_symbols_overview, initial_instructions, insert_after_symbol, insert_before_symbol, list_dir, list_memories, onboarding, read_file, read_memory, rename_memory, rename_symbol, replace_content, replace_symbol_body, safe_delete_symbol, search_for_pattern, write_memory
INFO  2026-05-23 18:39:56,479 serena.util.file_system:stop:336 - Loading of .gitignore files completed in 0.010 seconds
INFO  2026-05-23 18:39:56,479 serena.project:stop:336 - Gathering ignore spec for project skills completed in 0.011 seconds
INFO  2026-05-23 18:39:56,552 serena.task_executor:_process_task_queue:123 - Starting execution of Task-1:init_language_server_manager
INFO  2026-05-23 18:39:56,554 serena.task_executor:start:329 - Task-1:init_language_server_manager starting ...
INFO  2026-05-23 18:39:56,555 serena.agent:start:329 - Language server initialization starting ...
INFO  2026-05-23 18:39:56,555 serena.project:create_language_server_manager:418 - Creating language server manager for /home/ash/tools/skills
INFO  2026-05-23 18:39:56,557 sensai.util.logging:start:329 - Language server startup (language=markdown) starting ...
INFO  2026-05-23 18:39:56,558 serena.ls_manager:create_language_server:50 - Creating language server instance for /home/ash/tools/skills, language=markdown.
INFO  2026-05-23 18:39:56,649 solidlsp.ls:start:3080 - Starting language server with language markdown for /home/ash/tools/skills
INFO  2026-05-23 18:39:56,649 solidlsp.language_servers.marksman:_start_server:257 - Starting marksman server process
INFO  2026-05-23 18:39:56,649 solidlsp.ls_process:_start:468 - Starting language server process via command: ['/home/ash/.serena/language_servers/static/Marksman/marksman', 'server']
INFO  2026-05-23 18:39:56,650 solidlsp.language_servers.marksman:_start_server:261 - Sending initialize request from LSP client to marksman server and awaiting response
INFO  2026-05-23 18:39:56,961 solidlsp.ls_process:_read_ls_process_stderr:601 - [18:39:56 INF] <LSP Entry> Starting Marksman LSP server: {}

INFO  2026-05-23 18:39:57,249 serena.cli:health_check:946 - SerenaAgent created successfully
INFO  2026-05-23 18:39:57,249 serena.cli:health_check:949 - Searching for analyzable files...
INFO  2026-05-23 18:39:57,252 serena.cli:health_check:958 - Found analyzable file: AGENTS.md
INFO  2026-05-23 18:39:57,252 serena.cli:health_check:976 - Testing GetSymbolsOverviewTool on file: AGENTS.md
INFO  2026-05-23 18:39:57,252 serena.task_executor:issue_task:192 - Scheduling Task-2:<lambda>
INFO  2026-05-23 18:39:57,344 solidlsp.ls_process:_read_ls_process_stderr:601 - [18:39:57 INF] <Folder> Loading folder documents: {"uri": "file:///home/ash/tools/skills"}

INFO  2026-05-23 18:39:57,735 solidlsp.language_servers.marksman:_start_server:273 - Marksman server initialization complete
INFO  2026-05-23 18:39:57,736 sensai.util.logging:stop:336 - Language server startup (language=markdown) completed in 1.179 seconds
INFO  2026-05-23 18:39:57,736 serena.agent:stop:336 - Language server initialization completed in 1.181 seconds
INFO  2026-05-23 18:39:57,736 serena.task_executor:stop:336 - Task-1:init_language_server_manager completed in 1.182 seconds
INFO  2026-05-23 18:39:57,736 serena.task_executor:_process_task_queue:123 - Starting execution of Task-2:<lambda>
INFO  2026-05-23 18:39:57,736 serena.task_executor:start:329 - Task-2:<lambda> starting ...
INFO  2026-05-23 18:39:57,781 serena.task_executor:stop:336 - Task-2:<lambda> completed in 0.044 seconds
INFO  2026-05-23 18:39:57,781 serena.cli:health_check:978 - GetSymbolsOverviewTool returned: [{'name': 'Project Instructions', 'kind': 'Namespace'}]
INFO  2026-05-23 18:39:57,781 serena.cli:health_check:997 - No class or function found, using first available symbol
INFO  2026-05-23 18:39:57,781 serena.cli:health_check:1001 - Using symbol for testing: Project Instructions (kind: Namespace)
INFO  2026-05-23 18:39:57,782 serena.cli:health_check:1004 - Testing FindSymbolTool for symbol: Project Instructions
INFO  2026-05-23 18:39:57,782 serena.task_executor:issue_task:192 - Scheduling Task-3:<lambda>
INFO  2026-05-23 18:39:57,881 serena.task_executor:_process_task_queue:123 - Starting execution of Task-3:<lambda>
INFO  2026-05-23 18:39:57,882 serena.task_executor:start:329 - Task-3:<lambda> starting ...
INFO  2026-05-23 18:39:57,883 serena.task_executor:stop:336 - Task-3:<lambda> completed in 0.001 seconds
INFO  2026-05-23 18:39:57,883 serena.cli:health_check:1009 - FindSymbolTool found 1 matches for symbol Project Instructions
INFO  2026-05-23 18:39:57,883 serena.cli:health_check:1012 - Testing FindReferencingSymbolsTool for symbol: Project Instructions
INFO  2026-05-23 18:39:57,883 serena.task_executor:issue_task:192 - Scheduling Task-4:<lambda>
INFO  2026-05-23 18:39:57,984 serena.task_executor:_process_task_queue:123 - Starting execution of Task-4:<lambda>
INFO  2026-05-23 18:39:57,984 serena.task_executor:start:329 - Task-4:<lambda> starting ...
INFO  2026-05-23 18:40:00,004 serena.task_executor:stop:336 - Task-4:<lambda> completed in 2.019 seconds
INFO  2026-05-23 18:40:00,004 serena.cli:health_check:1016 - FindReferencingSymbolsTool found 0 references for symbol Project Instructions
INFO  2026-05-23 18:40:00,005 serena.cli:health_check:1022 - Testing SearchForPatternTool for pattern: Project Instructions
INFO  2026-05-23 18:40:00,005 serena.task_executor:issue_task:192 - Scheduling Task-5:<lambda>
INFO  2026-05-23 18:40:00,105 serena.task_executor:_process_task_queue:123 - Starting execution of Task-5:<lambda>
INFO  2026-05-23 18:40:00,106 serena.task_executor:start:329 - Task-5:<lambda> starting ...
INFO  2026-05-23 18:40:00,112 serena.util.text_utils:search_files:366 - Processing 27 files.
INFO  2026-05-23 18:40:00,128 serena.util.text_utils:search_files:408 - Found 1 total matches across 27 files
INFO  2026-05-23 18:40:00,128 serena.task_executor:stop:336 - Task-5:<lambda> completed in 0.022 seconds
INFO  2026-05-23 18:40:00,129 serena.cli:health_check:1029 - SearchForPatternTool found 1 pattern matches for Project Instructions
INFO  2026-05-23 18:40:00,129 serena.cli:health_check:1043 - Health check completed successfully
